Analysis & Synthesis report for alu
Mon May 27 21:43:26 2024
Quartus II 64-Bit Version 13.1.0 Build 162 10/23/2013 SJ Web Edition


---------------------
; Table of Contents ;
---------------------
  1. Legal Notice
  2. Analysis & Synthesis Summary
  3. Analysis & Synthesis Settings
  4. Parallel Compilation
  5. Analysis & Synthesis Source Files Read
  6. Analysis & Synthesis Resource Usage Summary
  7. Analysis & Synthesis Resource Utilization by Entity
  8. General Register Statistics
  9. Port Connectivity Checks: "alu_Block:ALU|SLL:D1_in"
 10. Port Connectivity Checks: "alu_Block:ALU|AddSub:D0_in|Adder:adder_inst|FullAdder:adder_loop[31].full_adder"
 11. Port Connectivity Checks: "alu_Block:ALU|AddSub:D0_in|Adder:adder_inst"
 12. Elapsed Time Per Partition
 13. Analysis & Synthesis Messages



----------------
; Legal Notice ;
----------------
Copyright (C) 1991-2013 Altera Corporation
Your use of Altera Corporation's design tools, logic functions 
and other software and tools, and its AMPP partner logic 
functions, and any output files from any of the foregoing 
(including device programming or simulation files), and any 
associated documentation or information are expressly subject 
to the terms and conditions of the Altera Program License 
Subscription Agreement, Altera MegaCore Function License 
Agreement, or other applicable license agreement, including, 
without limitation, that your use is for the sole purpose of 
programming logic devices manufactured by Altera and sold by 
Altera or its authorized distributors.  Please refer to the 
applicable agreement for further details.



+---------------------------------------------------------------------------------+
; Analysis & Synthesis Summary                                                    ;
+------------------------------------+--------------------------------------------+
; Analysis & Synthesis Status        ; Successful - Mon May 27 21:43:26 2024      ;
; Quartus II 64-Bit Version          ; 13.1.0 Build 162 10/23/2013 SJ Web Edition ;
; Revision Name                      ; alu                                        ;
; Top-level Entity Name              ; alu                                        ;
; Family                             ; Cyclone IV GX                              ;
; Total logic elements               ; 0                                          ;
;     Total combinational functions  ; 0                                          ;
;     Dedicated logic registers      ; 0                                          ;
; Total registers                    ; 0                                          ;
; Total pins                         ; 100                                        ;
; Total virtual pins                 ; 0                                          ;
; Total memory bits                  ; 0                                          ;
; Embedded Multiplier 9-bit elements ; 0                                          ;
; Total GXB Receiver Channel PCS     ; 0                                          ;
; Total GXB Receiver Channel PMA     ; 0                                          ;
; Total GXB Transmitter Channel PCS  ; 0                                          ;
; Total GXB Transmitter Channel PMA  ; 0                                          ;
; Total PLLs                         ; 0                                          ;
+------------------------------------+--------------------------------------------+


+----------------------------------------------------------------------------------------------------------------------+
; Analysis & Synthesis Settings                                                                                        ;
+----------------------------------------------------------------------------+--------------------+--------------------+
; Option                                                                     ; Setting            ; Default Value      ;
+----------------------------------------------------------------------------+--------------------+--------------------+
; Top-level entity name                                                      ; alu                ; alu                ;
; Family name                                                                ; Cyclone IV GX      ; Cyclone IV GX      ;
; Use smart compilation                                                      ; Off                ; Off                ;
; Enable parallel Assembler and TimeQuest Timing Analyzer during compilation ; On                 ; On                 ;
; Enable compact report table                                                ; Off                ; Off                ;
; Restructure Multiplexers                                                   ; Auto               ; Auto               ;
; Create Debugging Nodes for IP Cores                                        ; Off                ; Off                ;
; Preserve fewer node names                                                  ; On                 ; On                 ;
; Disable OpenCore Plus hardware evaluation                                  ; Off                ; Off                ;
; Verilog Version                                                            ; Verilog_2001       ; Verilog_2001       ;
; VHDL Version                                                               ; VHDL_1993          ; VHDL_1993          ;
; State Machine Processing                                                   ; Auto               ; Auto               ;
; Safe State Machine                                                         ; Off                ; Off                ;
; Extract Verilog State Machines                                             ; On                 ; On                 ;
; Extract VHDL State Machines                                                ; On                 ; On                 ;
; Ignore Verilog initial constructs                                          ; Off                ; Off                ;
; Iteration limit for constant Verilog loops                                 ; 5000               ; 5000               ;
; Iteration limit for non-constant Verilog loops                             ; 250                ; 250                ;
; Add Pass-Through Logic to Inferred RAMs                                    ; On                 ; On                 ;
; Infer RAMs from Raw Logic                                                  ; On                 ; On                 ;
; Parallel Synthesis                                                         ; On                 ; On                 ;
; DSP Block Balancing                                                        ; Auto               ; Auto               ;
; NOT Gate Push-Back                                                         ; On                 ; On                 ;
; Power-Up Don't Care                                                        ; On                 ; On                 ;
; Remove Redundant Logic Cells                                               ; Off                ; Off                ;
; Remove Duplicate Registers                                                 ; On                 ; On                 ;
; Ignore CARRY Buffers                                                       ; Off                ; Off                ;
; Ignore CASCADE Buffers                                                     ; Off                ; Off                ;
; Ignore GLOBAL Buffers                                                      ; Off                ; Off                ;
; Ignore ROW GLOBAL Buffers                                                  ; Off                ; Off                ;
; Ignore LCELL Buffers                                                       ; Off                ; Off                ;
; Ignore SOFT Buffers                                                        ; On                 ; On                 ;
; Limit AHDL Integers to 32 Bits                                             ; Off                ; Off                ;
; Optimization Technique                                                     ; Balanced           ; Balanced           ;
; Carry Chain Length                                                         ; 70                 ; 70                 ;
; Auto Carry Chains                                                          ; On                 ; On                 ;
; Auto Open-Drain Pins                                                       ; On                 ; On                 ;
; Perform WYSIWYG Primitive Resynthesis                                      ; Off                ; Off                ;
; Auto ROM Replacement                                                       ; On                 ; On                 ;
; Auto RAM Replacement                                                       ; On                 ; On                 ;
; Auto DSP Block Replacement                                                 ; On                 ; On                 ;
; Auto Shift Register Replacement                                            ; Auto               ; Auto               ;
; Allow Shift Register Merging across Hierarchies                            ; Auto               ; Auto               ;
; Auto Clock Enable Replacement                                              ; On                 ; On                 ;
; Strict RAM Replacement                                                     ; Off                ; Off                ;
; Allow Synchronous Control Signals                                          ; On                 ; On                 ;
; Force Use of Synchronous Clear Signals                                     ; Off                ; Off                ;
; Auto RAM Block Balancing                                                   ; On                 ; On                 ;
; Auto RAM to Logic Cell Conversion                                          ; Off                ; Off                ;
; Auto Resource Sharing                                                      ; Off                ; Off                ;
; Allow Any RAM Size For Recognition                                         ; Off                ; Off                ;
; Allow Any ROM Size For Recognition                                         ; Off                ; Off                ;
; Allow Any Shift Register Size For Recognition                              ; Off                ; Off                ;
; Use LogicLock Constraints during Resource Balancing                        ; On                 ; On                 ;
; Ignore translate_off and synthesis_off directives                          ; Off                ; Off                ;
; Timing-Driven Synthesis                                                    ; On                 ; On                 ;
; Report Parameter Settings                                                  ; On                 ; On                 ;
; Report Source Assignments                                                  ; On                 ; On                 ;
; Report Connectivity Checks                                                 ; On                 ; On                 ;
; Ignore Maximum Fan-Out Assignments                                         ; Off                ; Off                ;
; Synchronization Register Chain Length                                      ; 2                  ; 2                  ;
; PowerPlay Power Optimization                                               ; Normal compilation ; Normal compilation ;
; HDL message level                                                          ; Level2             ; Level2             ;
; Suppress Register Optimization Related Messages                            ; Off                ; Off                ;
; Number of Removed Registers Reported in Synthesis Report                   ; 5000               ; 5000               ;
; Number of Swept Nodes Reported in Synthesis Report                         ; 5000               ; 5000               ;
; Number of Inverted Registers Reported in Synthesis Report                  ; 100                ; 100                ;
; Clock MUX Protection                                                       ; On                 ; On                 ;
; Auto Gated Clock Conversion                                                ; Off                ; Off                ;
; Block Design Naming                                                        ; Auto               ; Auto               ;
; SDC constraint protection                                                  ; Off                ; Off                ;
; Synthesis Effort                                                           ; Auto               ; Auto               ;
; Shift Register Replacement - Allow Asynchronous Clear Signal               ; On                 ; On                 ;
; Pre-Mapping Resynthesis Optimization                                       ; Off                ; Off                ;
; Analysis & Synthesis Message Level                                         ; Medium             ; Medium             ;
; Disable Register Merging Across Hierarchies                                ; Auto               ; Auto               ;
; Resource Aware Inference For Block RAM                                     ; On                 ; On                 ;
; Synthesis Seed                                                             ; 1                  ; 1                  ;
+----------------------------------------------------------------------------+--------------------+--------------------+


+------------------------------------------+
; Parallel Compilation                     ;
+----------------------------+-------------+
; Processors                 ; Number      ;
+----------------------------+-------------+
; Number detected on machine ; 8           ;
; Maximum allowed            ; 8           ;
;                            ;             ;
; Average used               ; 1.00        ;
; Maximum used               ; 1           ;
;                            ;             ;
; Usage by Processor         ; % Time Used ;
;     Processor 1            ; 100.0%      ;
;     Processors 2-8         ;   0.0%      ;
+----------------------------+-------------+


+-------------------------------------------------------------------------------------------------------------------------------+
; Analysis & Synthesis Source Files Read                                                                                        ;
+----------------------------------+-----------------+------------------------------+---------------------------------+---------+
; File Name with User-Entered Path ; Used in Netlist ; File Type                    ; File Name with Absolute Path    ; Library ;
+----------------------------------+-----------------+------------------------------+---------------------------------+---------+
; alu.sv                           ; yes             ; User SystemVerilog HDL File  ; D:/Quartus file/lab3/alu/alu.sv ;         ;
+----------------------------------+-----------------+------------------------------+---------------------------------+---------+


+---------------------------------------------+
; Analysis & Synthesis Resource Usage Summary ;
+--------------------------+------------------+
; Resource                 ; Usage            ;
+--------------------------+------------------+
; I/O pins                 ; 100              ;
; DSP block 9-bit elements ; 0                ;
; Maximum fan-out node     ; funct7           ;
; Maximum fan-out          ; 1                ;
; Total fan-out            ; 100              ;
; Average fan-out          ; 0.50             ;
+--------------------------+------------------+


+-----------------------------------------------------------------------------------------------------------------------------------------------------------------------------------------+
; Analysis & Synthesis Resource Utilization by Entity                                                                                                                                     ;
+----------------------------+-------------------+--------------+-------------+--------------+---------+-----------+-----------+------+--------------+---------------------+--------------+
; Compilation Hierarchy Node ; LC Combinationals ; LC Registers ; Memory Bits ; DSP Elements ; DSP 9x9 ; DSP 18x18 ; DSP 36x36 ; Pins ; Virtual Pins ; Full Hierarchy Name ; Library Name ;
+----------------------------+-------------------+--------------+-------------+--------------+---------+-----------+-----------+------+--------------+---------------------+--------------+
; |alu                       ; 0 (0)             ; 0 (0)        ; 0           ; 0            ; 0       ; 0         ; 0         ; 100  ; 0            ; |alu                ; work         ;
+----------------------------+-------------------+--------------+-------------+--------------+---------+-----------+-----------+------+--------------+---------------------+--------------+
Note: For table entries with two numbers listed, the numbers in parentheses indicate the number of resources of the given type used by the specific entity alone. The numbers listed outside of parentheses indicate the total resources of the given type used by the specific entity and all of its sub-entities in the hierarchy.


+------------------------------------------------------+
; General Register Statistics                          ;
+----------------------------------------------+-------+
; Statistic                                    ; Value ;
+----------------------------------------------+-------+
; Total registers                              ; 0     ;
; Number of registers using Synchronous Clear  ; 0     ;
; Number of registers using Synchronous Load   ; 0     ;
; Number of registers using Asynchronous Clear ; 0     ;
; Number of registers using Asynchronous Load  ; 0     ;
; Number of registers using Clock Enable       ; 0     ;
; Number of registers using Preset             ; 0     ;
+----------------------------------------------+-------+


+--------------------------------------------------------------------------------------------------------------------------------------------------------------------------------------------------------------+
; Port Connectivity Checks: "alu_Block:ALU|SLL:D1_in"                                                                                                                                                          ;
+------+-------+----------+------------------------------------------------------------------------------------------------------------------------------------------------------------------------------------+
; Port ; Type  ; Severity ; Details                                                                                                                                                                            ;
+------+-------+----------+------------------------------------------------------------------------------------------------------------------------------------------------------------------------------------+
; B    ; Input ; Warning  ; Input port expression (32 bits) is wider than the input port (5 bits) it drives.  The 27 most-significant bit(s) in the expression will be dangling if they have no other fanouts. ;
+------+-------+----------+------------------------------------------------------------------------------------------------------------------------------------------------------------------------------------+


+----------------------------------------------------------------------------------------------------------------+
; Port Connectivity Checks: "alu_Block:ALU|AddSub:D0_in|Adder:adder_inst|FullAdder:adder_loop[31].full_adder"    ;
+------+--------+----------+-------------------------------------------------------------------------------------+
; Port ; Type   ; Severity ; Details                                                                             ;
+------+--------+----------+-------------------------------------------------------------------------------------+
; Cout ; Output ; Info     ; Connected to dangling logic. Logic that only feeds a dangling port will be removed. ;
+------+--------+----------+-------------------------------------------------------------------------------------+


+-------------------------------------------------------------------------------------------------------------------------------------+
; Port Connectivity Checks: "alu_Block:ALU|AddSub:D0_in|Adder:adder_inst"                                                             ;
+------+--------+----------+----------------------------------------------------------------------------------------------------------+
; Port ; Type   ; Severity ; Details                                                                                                  ;
+------+--------+----------+----------------------------------------------------------------------------------------------------------+
; C    ; Output ; Warning  ; Declared by entity but not connected by instance. Logic that only feeds a dangling port will be removed. ;
+------+--------+----------+----------------------------------------------------------------------------------------------------------+


+-------------------------------+
; Elapsed Time Per Partition    ;
+----------------+--------------+
; Partition Name ; Elapsed Time ;
+----------------+--------------+
; Top            ; 00:00:00     ;
+----------------+--------------+


+-------------------------------+
; Analysis & Synthesis Messages ;
+-------------------------------+
Info: *******************************************************************
Info: Running Quartus II 64-Bit Analysis & Synthesis
    Info: Version 13.1.0 Build 162 10/23/2013 SJ Web Edition
    Info: Processing started: Mon May 27 21:43:24 2024
Info: Command: quartus_map --read_settings_files=on --write_settings_files=off alu -c alu
Info (20030): Parallel compilation is enabled and will use 8 of the 8 processors detected
Warning (10229): Verilog HDL Expression warning at alu.sv(142): truncated literal to match 8 bits
Info (12021): Found 17 design units, including 17 entities, in source file alu.sv
    Info (12023): Found entity 1: FullAdder
    Info (12023): Found entity 2: Adder
    Info (12023): Found entity 3: AddSub
    Info (12023): Found entity 4: shift_left
    Info (12023): Found entity 5: SLL
    Info (12023): Found entity 6: Complement_2
    Info (12023): Found entity 7: SLT
    Info (12023): Found entity 8: SLTU
    Info (12023): Found entity 9: XOR_Block
    Info (12023): Found entity 10: SRL
    Info (12023): Found entity 11: SRA
    Info (12023): Found entity 12: SRL_SRA
    Info (12023): Found entity 13: OR_Block
    Info (12023): Found entity 14: AND_Block
    Info (12023): Found entity 15: MUX_block
    Info (12023): Found entity 16: alu_Block
    Info (12023): Found entity 17: alu
Info (12021): Found 1 design units, including 1 entities, in source file alu_tb.sv
    Info (12023): Found entity 1: alu_tb
Warning (10236): Verilog HDL Implicit Net warning at alu.sv(243): created implicit net for "rst_n"
Info (12127): Elaborating entity "alu" for the top level hierarchy
Info (12128): Elaborating entity "alu_Block" for hierarchy "alu_Block:ALU"
Info (12128): Elaborating entity "MUX_block" for hierarchy "alu_Block:ALU|MUX_block:MUX_Sel"
Info (12128): Elaborating entity "AddSub" for hierarchy "alu_Block:ALU|AddSub:D0_in"
Info (12128): Elaborating entity "Adder" for hierarchy "alu_Block:ALU|AddSub:D0_in|Adder:adder_inst"
Warning (10034): Output port "C" at alu.sv(20) has no driver
Info (12128): Elaborating entity "FullAdder" for hierarchy "alu_Block:ALU|AddSub:D0_in|Adder:adder_inst|FullAdder:adder_loop[0].full_adder"
Info (12128): Elaborating entity "SLL" for hierarchy "alu_Block:ALU|SLL:D1_in"
Info (12128): Elaborating entity "shift_left" for hierarchy "alu_Block:ALU|SLL:D1_in|shift_left:block"
Info (12128): Elaborating entity "SLT" for hierarchy "alu_Block:ALU|SLT:D2_in"
Info (12128): Elaborating entity "Complement_2" for hierarchy "alu_Block:ALU|SLT:D2_in|Complement_2:A1_B1"
Info (12128): Elaborating entity "SLTU" for hierarchy "alu_Block:ALU|SLTU:D3_in"
Info (12128): Elaborating entity "XOR_Block" for hierarchy "alu_Block:ALU|XOR_Block:D4_in"
Info (12128): Elaborating entity "SRL_SRA" for hierarchy "alu_Block:ALU|SRL_SRA:D5_in"
Info (12128): Elaborating entity "SRL" for hierarchy "alu_Block:ALU|SRL_SRA:D5_in|SRL:SRL_block"
Info (12128): Elaborating entity "SRA" for hierarchy "alu_Block:ALU|SRL_SRA:D5_in|SRA:SRA_block"
Warning (10230): Verilog HDL assignment warning at alu.sv(144): truncated value with size 32 to match size of target (5)
Info (12128): Elaborating entity "OR_Block" for hierarchy "alu_Block:ALU|OR_Block:D6_in"
Info (12128): Elaborating entity "AND_Block" for hierarchy "alu_Block:ALU|AND_Block:D7_in"
Warning (12241): 2 hierarchies have connectivity warnings - see the Connectivity Checks report folder
Warning (13024): Output pins are stuck at VCC or GND
    Warning (13410): Pin "alu_data[0]" is stuck at GND
    Warning (13410): Pin "alu_data[1]" is stuck at GND
    Warning (13410): Pin "alu_data[2]" is stuck at GND
    Warning (13410): Pin "alu_data[3]" is stuck at GND
    Warning (13410): Pin "alu_data[4]" is stuck at GND
    Warning (13410): Pin "alu_data[5]" is stuck at GND
    Warning (13410): Pin "alu_data[6]" is stuck at GND
    Warning (13410): Pin "alu_data[7]" is stuck at GND
    Warning (13410): Pin "alu_data[8]" is stuck at GND
    Warning (13410): Pin "alu_data[9]" is stuck at GND
    Warning (13410): Pin "alu_data[10]" is stuck at GND
    Warning (13410): Pin "alu_data[11]" is stuck at GND
    Warning (13410): Pin "alu_data[12]" is stuck at GND
    Warning (13410): Pin "alu_data[13]" is stuck at GND
    Warning (13410): Pin "alu_data[14]" is stuck at GND
    Warning (13410): Pin "alu_data[15]" is stuck at GND
    Warning (13410): Pin "alu_data[16]" is stuck at GND
    Warning (13410): Pin "alu_data[17]" is stuck at GND
    Warning (13410): Pin "alu_data[18]" is stuck at GND
    Warning (13410): Pin "alu_data[19]" is stuck at GND
    Warning (13410): Pin "alu_data[20]" is stuck at GND
    Warning (13410): Pin "alu_data[21]" is stuck at GND
    Warning (13410): Pin "alu_data[22]" is stuck at GND
    Warning (13410): Pin "alu_data[23]" is stuck at GND
    Warning (13410): Pin "alu_data[24]" is stuck at GND
    Warning (13410): Pin "alu_data[25]" is stuck at GND
    Warning (13410): Pin "alu_data[26]" is stuck at GND
    Warning (13410): Pin "alu_data[27]" is stuck at GND
    Warning (13410): Pin "alu_data[28]" is stuck at GND
    Warning (13410): Pin "alu_data[29]" is stuck at GND
    Warning (13410): Pin "alu_data[30]" is stuck at GND
    Warning (13410): Pin "alu_data[31]" is stuck at GND
Info (16010): Generating hard_block partition "hard_block:auto_generated_inst"
    Info (16011): Adding 0 node(s), including 0 DDIO, 0 PLL, 0 transceiver and 0 LCELL
Warning (21074): Design contains 68 input pin(s) that do not drive logic
    Warning (15610): No output dependent on input pin "funct7"
    Warning (15610): No output dependent on input pin "alu_op[0]"
    Warning (15610): No output dependent on input pin "alu_op[1]"
    Warning (15610): No output dependent on input pin "alu_op[2]"
    Warning (15610): No output dependent on input pin "operand_a[0]"
    Warning (15610): No output dependent on input pin "operand_a[1]"
    Warning (15610): No output dependent on input pin "operand_a[2]"
    Warning (15610): No output dependent on input pin "operand_a[3]"
    Warning (15610): No output dependent on input pin "operand_a[4]"
    Warning (15610): No output dependent on input pin "operand_a[5]"
    Warning (15610): No output dependent on input pin "operand_a[6]"
    Warning (15610): No output dependent on input pin "operand_a[7]"
    Warning (15610): No output dependent on input pin "operand_a[8]"
    Warning (15610): No output dependent on input pin "operand_a[9]"
    Warning (15610): No output dependent on input pin "operand_a[10]"
    Warning (15610): No output dependent on input pin "operand_a[11]"
    Warning (15610): No output dependent on input pin "operand_a[12]"
    Warning (15610): No output dependent on input pin "operand_a[13]"
    Warning (15610): No output dependent on input pin "operand_a[14]"
    Warning (15610): No output dependent on input pin "operand_a[15]"
    Warning (15610): No output dependent on input pin "operand_a[16]"
    Warning (15610): No output dependent on input pin "operand_a[17]"
    Warning (15610): No output dependent on input pin "operand_a[18]"
    Warning (15610): No output dependent on input pin "operand_a[19]"
    Warning (15610): No output dependent on input pin "operand_a[20]"
    Warning (15610): No output dependent on input pin "operand_a[21]"
    Warning (15610): No output dependent on input pin "operand_a[22]"
    Warning (15610): No output dependent on input pin "operand_a[23]"
    Warning (15610): No output dependent on input pin "operand_a[24]"
    Warning (15610): No output dependent on input pin "operand_a[25]"
    Warning (15610): No output dependent on input pin "operand_a[26]"
    Warning (15610): No output dependent on input pin "operand_a[27]"
    Warning (15610): No output dependent on input pin "operand_a[28]"
    Warning (15610): No output dependent on input pin "operand_a[29]"
    Warning (15610): No output dependent on input pin "operand_a[30]"
    Warning (15610): No output dependent on input pin "operand_a[31]"
    Warning (15610): No output dependent on input pin "operand_b[0]"
    Warning (15610): No output dependent on input pin "operand_b[1]"
    Warning (15610): No output dependent on input pin "operand_b[2]"
    Warning (15610): No output dependent on input pin "operand_b[3]"
    Warning (15610): No output dependent on input pin "operand_b[4]"
    Warning (15610): No output dependent on input pin "operand_b[5]"
    Warning (15610): No output dependent on input pin "operand_b[6]"
    Warning (15610): No output dependent on input pin "operand_b[7]"
    Warning (15610): No output dependent on input pin "operand_b[8]"
    Warning (15610): No output dependent on input pin "operand_b[9]"
    Warning (15610): No output dependent on input pin "operand_b[10]"
    Warning (15610): No output dependent on input pin "operand_b[11]"
    Warning (15610): No output dependent on input pin "operand_b[12]"
    Warning (15610): No output dependent on input pin "operand_b[13]"
    Warning (15610): No output dependent on input pin "operand_b[14]"
    Warning (15610): No output dependent on input pin "operand_b[15]"
    Warning (15610): No output dependent on input pin "operand_b[16]"
    Warning (15610): No output dependent on input pin "operand_b[17]"
    Warning (15610): No output dependent on input pin "operand_b[18]"
    Warning (15610): No output dependent on input pin "operand_b[19]"
    Warning (15610): No output dependent on input pin "operand_b[20]"
    Warning (15610): No output dependent on input pin "operand_b[21]"
    Warning (15610): No output dependent on input pin "operand_b[22]"
    Warning (15610): No output dependent on input pin "operand_b[23]"
    Warning (15610): No output dependent on input pin "operand_b[24]"
    Warning (15610): No output dependent on input pin "operand_b[25]"
    Warning (15610): No output dependent on input pin "operand_b[26]"
    Warning (15610): No output dependent on input pin "operand_b[27]"
    Warning (15610): No output dependent on input pin "operand_b[28]"
    Warning (15610): No output dependent on input pin "operand_b[29]"
    Warning (15610): No output dependent on input pin "operand_b[30]"
    Warning (15610): No output dependent on input pin "operand_b[31]"
Info (21057): Implemented 100 device resources after synthesis - the final resource count might be different
    Info (21058): Implemented 68 input pins
    Info (21059): Implemented 32 output pins
Info: Quartus II 64-Bit Analysis & Synthesis was successful. 0 errors, 107 warnings
    Info: Peak virtual memory: 4688 megabytes
    Info: Processing ended: Mon May 27 21:43:26 2024
    Info: Elapsed time: 00:00:02
    Info: Total CPU time (on all processors): 00:00:01


