Flow report for regfile
Thu May 30 19:44:57 2024
Quartus II 64-Bit Version 13.1.0 Build 162 10/23/2013 SJ Web Edition


---------------------
; Table of Contents ;
---------------------
  1. Legal Notice
  2. Flow Summary
  3. Flow Settings
  4. Flow Non-Default Global Settings
  5. Flow Elapsed Time
  6. Flow OS Summary
  7. Flow Log
  8. Flow Messages
  9. Flow Suppressed Messages



----------------
; Legal Notice ;
----------------
Copyright (C) 1991-2013 Altera Corporation
Your use of Altera Corporation's design tools, logic functions 
and other software and tools, and its AMPP partner logic 
functions, and any output files from any of the foregoing 
(including device programming or simulation files), and any 
associated documentation or information are expressly subject 
to the terms and conditions of the Altera Program License 
Subscription Agreement, Altera MegaCore Function License 
Agreement, or other applicable license agreement, including, 
without limitation, that your use is for the sole purpose of 
programming logic devices manufactured by Altera and sold by 
Altera or its authorized distributors.  Please refer to the 
applicable agreement for further details.



+---------------------------------------------------------------------------------+
; Flow Summary                                                                    ;
+------------------------------------+--------------------------------------------+
; Flow Status                        ; Successful - Thu May 30 19:44:57 2024      ;
; Quartus II 64-Bit Version          ; 13.1.0 Build 162 10/23/2013 SJ Web Edition ;
; Revision Name                      ; regfile                                    ;
; Top-level Entity Name              ; regfile                                    ;
; Family                             ; Cyclone IV GX                              ;
; Total logic elements               ; 1,380 / 21,280 ( 6 % )                     ;
;     Total combinational functions  ; 1,380 / 21,280 ( 6 % )                     ;
;     Dedicated logic registers      ; 992 / 21,280 ( 5 % )                       ;
; Total registers                    ; 992                                        ;
; Total pins                         ; 114 / 167 ( 68 % )                         ;
; Total virtual pins                 ; 0                                          ;
; Total memory bits                  ; 0 / 774,144 ( 0 % )                        ;
; Embedded Multiplier 9-bit elements ; 0 / 80 ( 0 % )                             ;
; Total GXB Receiver Channel PCS     ; 0 / 4 ( 0 % )                              ;
; Total GXB Receiver Channel PMA     ; 0 / 4 ( 0 % )                              ;
; Total GXB Transmitter Channel PCS  ; 0 / 4 ( 0 % )                              ;
; Total GXB Transmitter Channel PMA  ; 0 / 4 ( 0 % )                              ;
; Total PLLs                         ; 0 / 4 ( 0 % )                              ;
; Device                             ; EP4CGX22CF19C6                             ;
; Timing Models                      ; Final                                      ;
+------------------------------------+--------------------------------------------+


+-----------------------------------------+
; Flow Settings                           ;
+-------------------+---------------------+
; Option            ; Setting             ;
+-------------------+---------------------+
; Start date & time ; 05/30/2024 19:44:22 ;
; Main task         ; Compilation         ;
; Revision Name     ; regfile             ;
+-------------------+---------------------+


+--------------------------------------------------------------------------------------------------------------------+
; Flow Non-Default Global Settings                                                                                   ;
+-------------------------------------+-------------------------------+---------------+-------------+----------------+
; Assignment Name                     ; Value                         ; Default Value ; Entity Name ; Section Id     ;
+-------------------------------------+-------------------------------+---------------+-------------+----------------+
; COMPILER_SIGNATURE_ID               ; 9447198846672.171707306218332 ; --            ; --          ; --             ;
; EDA_OUTPUT_DATA_FORMAT              ; Vhdl                          ; --            ; --          ; eda_simulation ;
; EDA_SIMULATION_TOOL                 ; ModelSim-Altera (VHDL)        ; <None>        ; --          ; --             ;
; PARTITION_COLOR                     ; 16764057                      ; --            ; --          ; Top            ;
; PARTITION_FITTER_PRESERVATION_LEVEL ; PLACEMENT_AND_ROUTING         ; --            ; --          ; Top            ;
; PARTITION_NETLIST_TYPE              ; SOURCE                        ; --            ; --          ; Top            ;
; PROJECT_OUTPUT_DIRECTORY            ; output_files                  ; --            ; --          ; --             ;
+-------------------------------------+-------------------------------+---------------+-------------+----------------+


+-------------------------------------------------------------------------------------------------------------------------------+
; Flow Elapsed Time                                                                                                             ;
+---------------------------+--------------+-------------------------+---------------------+------------------------------------+
; Module Name               ; Elapsed Time ; Average Processors Used ; Peak Virtual Memory ; Total CPU Time (on all processors) ;
+---------------------------+--------------+-------------------------+---------------------+------------------------------------+
; Analysis & Synthesis      ; 00:00:05     ; 1.0                     ; 4732 MB             ; 00:00:03                           ;
; Fitter                    ; 00:00:15     ; 1.7                     ; 5825 MB             ; 00:00:11                           ;
; Assembler                 ; 00:00:02     ; 1.0                     ; 4659 MB             ; 00:00:02                           ;
; TimeQuest Timing Analyzer ; 00:00:04     ; 1.0                     ; 4740 MB             ; 00:00:03                           ;
; EDA Netlist Writer        ; 00:00:03     ; 1.0                     ; 4632 MB             ; 00:00:02                           ;
; Total                     ; 00:00:29     ; --                      ; --                  ; 00:00:21                           ;
+---------------------------+--------------+-------------------------+---------------------+------------------------------------+


+----------------------------------------------------------------------------------------+
; Flow OS Summary                                                                        ;
+---------------------------+------------------+-----------+------------+----------------+
; Module Name               ; Machine Hostname ; OS Name   ; OS Version ; Processor type ;
+---------------------------+------------------+-----------+------------+----------------+
; Analysis & Synthesis      ; PVH              ; Windows 7 ; 6.2        ; x86_64         ;
; Fitter                    ; PVH              ; Windows 7 ; 6.2        ; x86_64         ;
; Assembler                 ; PVH              ; Windows 7 ; 6.2        ; x86_64         ;
; TimeQuest Timing Analyzer ; PVH              ; Windows 7 ; 6.2        ; x86_64         ;
; EDA Netlist Writer        ; PVH              ; Windows 7 ; 6.2        ; x86_64         ;
+---------------------------+------------------+-----------+------------+----------------+


------------
; Flow Log ;
------------
quartus_map --read_settings_files=on --write_settings_files=off regfile -c regfile
quartus_fit --read_settings_files=off --write_settings_files=off regfile -c regfile
quartus_asm --read_settings_files=off --write_settings_files=off regfile -c regfile
quartus_sta regfile -c regfile
quartus_eda --read_settings_files=off --write_settings_files=off regfile -c regfile



