Analysis & Synthesis report for regfile
Thu May 30 19:44:27 2024
Quartus II 64-Bit Version 13.1.0 Build 162 10/23/2013 SJ Web Edition


---------------------
; Table of Contents ;
---------------------
  1. Legal Notice
  2. Analysis & Synthesis Summary
  3. Analysis & Synthesis Settings
  4. Parallel Compilation
  5. Analysis & Synthesis Source Files Read
  6. Analysis & Synthesis Resource Usage Summary
  7. Analysis & Synthesis Resource Utilization by Entity
  8. Registers Removed During Synthesis
  9. General Register Statistics
 10. Multiplexer Restructuring Statistics (Restructuring Performed)
 11. Port Connectivity Checks: "regfile_Block:mregfile|register:register_loop[0].register_inst"
 12. Elapsed Time Per Partition
 13. Analysis & Synthesis Messages



----------------
; Legal Notice ;
----------------
Copyright (C) 1991-2013 Altera Corporation
Your use of Altera Corporation's design tools, logic functions 
and other software and tools, and its AMPP partner logic 
functions, and any output files from any of the foregoing 
(including device programming or simulation files), and any 
associated documentation or information are expressly subject 
to the terms and conditions of the Altera Program License 
Subscription Agreement, Altera MegaCore Function License 
Agreement, or other applicable license agreement, including, 
without limitation, that your use is for the sole purpose of 
programming logic devices manufactured by Altera and sold by 
Altera or its authorized distributors.  Please refer to the 
applicable agreement for further details.



+---------------------------------------------------------------------------------+
; Analysis & Synthesis Summary                                                    ;
+------------------------------------+--------------------------------------------+
; Analysis & Synthesis Status        ; Successful - Thu May 30 19:44:27 2024      ;
; Quartus II 64-Bit Version          ; 13.1.0 Build 162 10/23/2013 SJ Web Edition ;
; Revision Name                      ; regfile                                    ;
; Top-level Entity Name              ; regfile                                    ;
; Family                             ; Cyclone IV GX                              ;
; Total logic elements               ; 2,340                                      ;
;     Total combinational functions  ; 1,380                                      ;
;     Dedicated logic registers      ; 992                                        ;
; Total registers                    ; 992                                        ;
; Total pins                         ; 114                                        ;
; Total virtual pins                 ; 0                                          ;
; Total memory bits                  ; 0                                          ;
; Embedded Multiplier 9-bit elements ; 0                                          ;
; Total GXB Receiver Channel PCS     ; 0                                          ;
; Total GXB Receiver Channel PMA     ; 0                                          ;
; Total GXB Transmitter Channel PCS  ; 0                                          ;
; Total GXB Transmitter Channel PMA  ; 0                                          ;
; Total PLLs                         ; 0                                          ;
+------------------------------------+--------------------------------------------+


+----------------------------------------------------------------------------------------------------------------------+
; Analysis & Synthesis Settings                                                                                        ;
+----------------------------------------------------------------------------+--------------------+--------------------+
; Option                                                                     ; Setting            ; Default Value      ;
+----------------------------------------------------------------------------+--------------------+--------------------+
; Top-level entity name                                                      ; regfile            ; regfile            ;
; Family name                                                                ; Cyclone IV GX      ; Cyclone IV GX      ;
; Use smart compilation                                                      ; Off                ; Off                ;
; Enable parallel Assembler and TimeQuest Timing Analyzer during compilation ; On                 ; On                 ;
; Enable compact report table                                                ; Off                ; Off                ;
; Restructure Multiplexers                                                   ; Auto               ; Auto               ;
; Create Debugging Nodes for IP Cores                                        ; Off                ; Off                ;
; Preserve fewer node names                                                  ; On                 ; On                 ;
; Disable OpenCore Plus hardware evaluation                                  ; Off                ; Off                ;
; Verilog Version                                                            ; Verilog_2001       ; Verilog_2001       ;
; VHDL Version                                                               ; VHDL_1993          ; VHDL_1993          ;
; State Machine Processing                                                   ; Auto               ; Auto               ;
; Safe State Machine                                                         ; Off                ; Off                ;
; Extract Verilog State Machines                                             ; On                 ; On                 ;
; Extract VHDL State Machines                                                ; On                 ; On                 ;
; Ignore Verilog initial constructs                                          ; Off                ; Off                ;
; Iteration limit for constant Verilog loops                                 ; 5000               ; 5000               ;
; Iteration limit for non-constant Verilog loops                             ; 250                ; 250                ;
; Add Pass-Through Logic to Inferred RAMs                                    ; On                 ; On                 ;
; Infer RAMs from Raw Logic                                                  ; On                 ; On                 ;
; Parallel Synthesis                                                         ; On                 ; On                 ;
; DSP Block Balancing                                                        ; Auto               ; Auto               ;
; NOT Gate Push-Back                                                         ; On                 ; On                 ;
; Power-Up Don't Care                                                        ; On                 ; On                 ;
; Remove Redundant Logic Cells                                               ; Off                ; Off                ;
; Remove Duplicate Registers                                                 ; On                 ; On                 ;
; Ignore CARRY Buffers                                                       ; Off                ; Off                ;
; Ignore CASCADE Buffers                                                     ; Off                ; Off                ;
; Ignore GLOBAL Buffers                                                      ; Off                ; Off                ;
; Ignore ROW GLOBAL Buffers                                                  ; Off                ; Off                ;
; Ignore LCELL Buffers                                                       ; Off                ; Off                ;
; Ignore SOFT Buffers                                                        ; On                 ; On                 ;
; Limit AHDL Integers to 32 Bits                                             ; Off                ; Off                ;
; Optimization Technique                                                     ; Balanced           ; Balanced           ;
; Carry Chain Length                                                         ; 70                 ; 70                 ;
; Auto Carry Chains                                                          ; On                 ; On                 ;
; Auto Open-Drain Pins                                                       ; On                 ; On                 ;
; Perform WYSIWYG Primitive Resynthesis                                      ; Off                ; Off                ;
; Auto ROM Replacement                                                       ; On                 ; On                 ;
; Auto RAM Replacement                                                       ; On                 ; On                 ;
; Auto DSP Block Replacement                                                 ; On                 ; On                 ;
; Auto Shift Register Replacement                                            ; Auto               ; Auto               ;
; Allow Shift Register Merging across Hierarchies                            ; Auto               ; Auto               ;
; Auto Clock Enable Replacement                                              ; On                 ; On                 ;
; Strict RAM Replacement                                                     ; Off                ; Off                ;
; Allow Synchronous Control Signals                                          ; On                 ; On                 ;
; Force Use of Synchronous Clear Signals                                     ; Off                ; Off                ;
; Auto RAM Block Balancing                                                   ; On                 ; On                 ;
; Auto RAM to Logic Cell Conversion                                          ; Off                ; Off                ;
; Auto Resource Sharing                                                      ; Off                ; Off                ;
; Allow Any RAM Size For Recognition                                         ; Off                ; Off                ;
; Allow Any ROM Size For Recognition                                         ; Off                ; Off                ;
; Allow Any Shift Register Size For Recognition                              ; Off                ; Off                ;
; Use LogicLock Constraints during Resource Balancing                        ; On                 ; On                 ;
; Ignore translate_off and synthesis_off directives                          ; Off                ; Off                ;
; Timing-Driven Synthesis                                                    ; On                 ; On                 ;
; Report Parameter Settings                                                  ; On                 ; On                 ;
; Report Source Assignments                                                  ; On                 ; On                 ;
; Report Connectivity Checks                                                 ; On                 ; On                 ;
; Ignore Maximum Fan-Out Assignments                                         ; Off                ; Off                ;
; Synchronization Register Chain Length                                      ; 2                  ; 2                  ;
; PowerPlay Power Optimization                                               ; Normal compilation ; Normal compilation ;
; HDL message level                                                          ; Level2             ; Level2             ;
; Suppress Register Optimization Related Messages                            ; Off                ; Off                ;
; Number of Removed Registers Reported in Synthesis Report                   ; 5000               ; 5000               ;
; Number of Swept Nodes Reported in Synthesis Report                         ; 5000               ; 5000               ;
; Number of Inverted Registers Reported in Synthesis Report                  ; 100                ; 100                ;
; Clock MUX Protection                                                       ; On                 ; On                 ;
; Auto Gated Clock Conversion                                                ; Off                ; Off                ;
; Block Design Naming                                                        ; Auto               ; Auto               ;
; SDC constraint protection                                                  ; Off                ; Off                ;
; Synthesis Effort                                                           ; Auto               ; Auto               ;
; Shift Register Replacement - Allow Asynchronous Clear Signal               ; On                 ; On                 ;
; Pre-Mapping Resynthesis Optimization                                       ; Off                ; Off                ;
; Analysis & Synthesis Message Level                                         ; Medium             ; Medium             ;
; Disable Register Merging Across Hierarchies                                ; Auto               ; Auto               ;
; Resource Aware Inference For Block RAM                                     ; On                 ; On                 ;
; Synthesis Seed                                                             ; 1                  ; 1                  ;
+----------------------------------------------------------------------------+--------------------+--------------------+


+------------------------------------------+
; Parallel Compilation                     ;
+----------------------------+-------------+
; Processors                 ; Number      ;
+----------------------------+-------------+
; Number detected on machine ; 8           ;
; Maximum allowed            ; 8           ;
;                            ;             ;
; Average used               ; 1.00        ;
; Maximum used               ; 5           ;
;                            ;             ;
; Usage by Processor         ; % Time Used ;
;     Processor 1            ; 100.0%      ;
;     Processors 2-5         ; < 0.1%      ;
;     Processors 6-8         ;   0.0%      ;
+----------------------------+-------------+


+---------------------------------------------------------------------------------------------------------------------------------------+
; Analysis & Synthesis Source Files Read                                                                                                ;
+----------------------------------+-----------------+------------------------------+-----------------------------------------+---------+
; File Name with User-Entered Path ; Used in Netlist ; File Type                    ; File Name with Absolute Path            ; Library ;
+----------------------------------+-----------------+------------------------------+-----------------------------------------+---------+
; regfile.sv                       ; yes             ; User SystemVerilog HDL File  ; D:/Quartus file/Doan/regfile/regfile.sv ;         ;
+----------------------------------+-----------------+------------------------------+-----------------------------------------+---------+


+---------------------------------------------+
; Analysis & Synthesis Resource Usage Summary ;
+--------------------------+------------------+
; Resource                 ; Usage            ;
+--------------------------+------------------+
; I/O pins                 ; 114              ;
; DSP block 9-bit elements ; 0                ;
; Maximum fan-out node     ; clk_i~input      ;
; Maximum fan-out          ; 992              ;
; Total fan-out            ; 8582             ;
; Average fan-out          ; 3.30             ;
+--------------------------+------------------+


+--------------------------------------------------------------------------------------------------------------------------------------------------------------------------------------------------------------------------------------------------------------------+
; Analysis & Synthesis Resource Utilization by Entity                                                                                                                                                                                                                ;
+--------------------------------------------------+-------------------+--------------+-------------+--------------+---------+-----------+-----------+------+--------------+--------------------------------------------------------------------------+--------------+
; Compilation Hierarchy Node                       ; LC Combinationals ; LC Registers ; Memory Bits ; DSP Elements ; DSP 9x9 ; DSP 18x18 ; DSP 36x36 ; Pins ; Virtual Pins ; Full Hierarchy Name                                                      ; Library Name ;
+--------------------------------------------------+-------------------+--------------+-------------+--------------+---------+-----------+-----------+------+--------------+--------------------------------------------------------------------------+--------------+
; |regfile                                         ; 1380 (0)          ; 992 (0)      ; 0           ; 0            ; 0       ; 0         ; 0         ; 114  ; 0            ; |regfile                                                                 ; work         ;
;    |regfile_Block:mregfile|                      ; 1380 (0)          ; 992 (0)      ; 0           ; 0            ; 0       ; 0         ; 0         ; 0    ; 0            ; |regfile|regfile_Block:mregfile                                          ; work         ;
;       |MUX2:rdaddr_en|                           ; 1 (1)             ; 0 (0)        ; 0           ; 0            ; 0       ; 0         ; 0         ; 0    ; 0            ; |regfile|regfile_Block:mregfile|MUX2:rdaddr_en                           ; work         ;
;       |MUX:muxA|                                 ; 645 (645)         ; 0 (0)        ; 0           ; 0            ; 0       ; 0         ; 0         ; 0    ; 0            ; |regfile|regfile_Block:mregfile|MUX:muxA                                 ; work         ;
;       |MUX:muxB|                                 ; 645 (645)         ; 0 (0)        ; 0           ; 0            ; 0       ; 0         ; 0         ; 0    ; 0            ; |regfile|regfile_Block:mregfile|MUX:muxB                                 ; work         ;
;       |decoder:decoder5_32|                      ; 5 (5)             ; 0 (0)        ; 0           ; 0            ; 0       ; 0         ; 0         ; 0    ; 0            ; |regfile|regfile_Block:mregfile|decoder:decoder5_32                      ; work         ;
;       |register:register_loop[10].register_inst| ; 2 (2)             ; 32 (32)      ; 0           ; 0            ; 0       ; 0         ; 0         ; 0    ; 0            ; |regfile|regfile_Block:mregfile|register:register_loop[10].register_inst ; work         ;
;       |register:register_loop[11].register_inst| ; 2 (2)             ; 32 (32)      ; 0           ; 0            ; 0       ; 0         ; 0         ; 0    ; 0            ; |regfile|regfile_Block:mregfile|register:register_loop[11].register_inst ; work         ;
;       |register:register_loop[12].register_inst| ; 2 (2)             ; 32 (32)      ; 0           ; 0            ; 0       ; 0         ; 0         ; 0    ; 0            ; |regfile|regfile_Block:mregfile|register:register_loop[12].register_inst ; work         ;
;       |register:register_loop[13].register_inst| ; 2 (2)             ; 32 (32)      ; 0           ; 0            ; 0       ; 0         ; 0         ; 0    ; 0            ; |regfile|regfile_Block:mregfile|register:register_loop[13].register_inst ; work         ;
;       |register:register_loop[14].register_inst| ; 1 (1)             ; 32 (32)      ; 0           ; 0            ; 0       ; 0         ; 0         ; 0    ; 0            ; |regfile|regfile_Block:mregfile|register:register_loop[14].register_inst ; work         ;
;       |register:register_loop[15].register_inst| ; 1 (1)             ; 32 (32)      ; 0           ; 0            ; 0       ; 0         ; 0         ; 0    ; 0            ; |regfile|regfile_Block:mregfile|register:register_loop[15].register_inst ; work         ;
;       |register:register_loop[16].register_inst| ; 2 (2)             ; 32 (32)      ; 0           ; 0            ; 0       ; 0         ; 0         ; 0    ; 0            ; |regfile|regfile_Block:mregfile|register:register_loop[16].register_inst ; work         ;
;       |register:register_loop[17].register_inst| ; 2 (2)             ; 32 (32)      ; 0           ; 0            ; 0       ; 0         ; 0         ; 0    ; 0            ; |regfile|regfile_Block:mregfile|register:register_loop[17].register_inst ; work         ;
;       |register:register_loop[18].register_inst| ; 2 (2)             ; 32 (32)      ; 0           ; 0            ; 0       ; 0         ; 0         ; 0    ; 0            ; |regfile|regfile_Block:mregfile|register:register_loop[18].register_inst ; work         ;
;       |register:register_loop[19].register_inst| ; 1 (1)             ; 32 (32)      ; 0           ; 0            ; 0       ; 0         ; 0         ; 0    ; 0            ; |regfile|regfile_Block:mregfile|register:register_loop[19].register_inst ; work         ;
;       |register:register_loop[1].register_inst|  ; 1 (1)             ; 32 (32)      ; 0           ; 0            ; 0       ; 0         ; 0         ; 0    ; 0            ; |regfile|regfile_Block:mregfile|register:register_loop[1].register_inst  ; work         ;
;       |register:register_loop[20].register_inst| ; 1 (1)             ; 32 (32)      ; 0           ; 0            ; 0       ; 0         ; 0         ; 0    ; 0            ; |regfile|regfile_Block:mregfile|register:register_loop[20].register_inst ; work         ;
;       |register:register_loop[21].register_inst| ; 2 (2)             ; 32 (32)      ; 0           ; 0            ; 0       ; 0         ; 0         ; 0    ; 0            ; |regfile|regfile_Block:mregfile|register:register_loop[21].register_inst ; work         ;
;       |register:register_loop[22].register_inst| ; 3 (3)             ; 32 (32)      ; 0           ; 0            ; 0       ; 0         ; 0         ; 0    ; 0            ; |regfile|regfile_Block:mregfile|register:register_loop[22].register_inst ; work         ;
;       |register:register_loop[23].register_inst| ; 2 (2)             ; 32 (32)      ; 0           ; 0            ; 0       ; 0         ; 0         ; 0    ; 0            ; |regfile|regfile_Block:mregfile|register:register_loop[23].register_inst ; work         ;
;       |register:register_loop[24].register_inst| ; 3 (3)             ; 32 (32)      ; 0           ; 0            ; 0       ; 0         ; 0         ; 0    ; 0            ; |regfile|regfile_Block:mregfile|register:register_loop[24].register_inst ; work         ;
;       |register:register_loop[25].register_inst| ; 2 (2)             ; 32 (32)      ; 0           ; 0            ; 0       ; 0         ; 0         ; 0    ; 0            ; |regfile|regfile_Block:mregfile|register:register_loop[25].register_inst ; work         ;
;       |register:register_loop[26].register_inst| ; 2 (2)             ; 32 (32)      ; 0           ; 0            ; 0       ; 0         ; 0         ; 0    ; 0            ; |regfile|regfile_Block:mregfile|register:register_loop[26].register_inst ; work         ;
;       |register:register_loop[27].register_inst| ; 2 (2)             ; 32 (32)      ; 0           ; 0            ; 0       ; 0         ; 0         ; 0    ; 0            ; |regfile|regfile_Block:mregfile|register:register_loop[27].register_inst ; work         ;
;       |register:register_loop[28].register_inst| ; 2 (2)             ; 32 (32)      ; 0           ; 0            ; 0       ; 0         ; 0         ; 0    ; 0            ; |regfile|regfile_Block:mregfile|register:register_loop[28].register_inst ; work         ;
;       |register:register_loop[29].register_inst| ; 2 (2)             ; 32 (32)      ; 0           ; 0            ; 0       ; 0         ; 0         ; 0    ; 0            ; |regfile|regfile_Block:mregfile|register:register_loop[29].register_inst ; work         ;
;       |register:register_loop[2].register_inst|  ; 33 (33)           ; 32 (32)      ; 0           ; 0            ; 0       ; 0         ; 0         ; 0    ; 0            ; |regfile|regfile_Block:mregfile|register:register_loop[2].register_inst  ; work         ;
;       |register:register_loop[30].register_inst| ; 1 (1)             ; 32 (32)      ; 0           ; 0            ; 0       ; 0         ; 0         ; 0    ; 0            ; |regfile|regfile_Block:mregfile|register:register_loop[30].register_inst ; work         ;
;       |register:register_loop[31].register_inst| ; 1 (1)             ; 32 (32)      ; 0           ; 0            ; 0       ; 0         ; 0         ; 0    ; 0            ; |regfile|regfile_Block:mregfile|register:register_loop[31].register_inst ; work         ;
;       |register:register_loop[3].register_inst|  ; 2 (2)             ; 32 (32)      ; 0           ; 0            ; 0       ; 0         ; 0         ; 0    ; 0            ; |regfile|regfile_Block:mregfile|register:register_loop[3].register_inst  ; work         ;
;       |register:register_loop[4].register_inst|  ; 1 (1)             ; 32 (32)      ; 0           ; 0            ; 0       ; 0         ; 0         ; 0    ; 0            ; |regfile|regfile_Block:mregfile|register:register_loop[4].register_inst  ; work         ;
;       |register:register_loop[5].register_inst|  ; 2 (2)             ; 32 (32)      ; 0           ; 0            ; 0       ; 0         ; 0         ; 0    ; 0            ; |regfile|regfile_Block:mregfile|register:register_loop[5].register_inst  ; work         ;
;       |register:register_loop[6].register_inst|  ; 1 (1)             ; 32 (32)      ; 0           ; 0            ; 0       ; 0         ; 0         ; 0    ; 0            ; |regfile|regfile_Block:mregfile|register:register_loop[6].register_inst  ; work         ;
;       |register:register_loop[7].register_inst|  ; 1 (1)             ; 32 (32)      ; 0           ; 0            ; 0       ; 0         ; 0         ; 0    ; 0            ; |regfile|regfile_Block:mregfile|register:register_loop[7].register_inst  ; work         ;
;       |register:register_loop[8].register_inst|  ; 1 (1)             ; 32 (32)      ; 0           ; 0            ; 0       ; 0         ; 0         ; 0    ; 0            ; |regfile|regfile_Block:mregfile|register:register_loop[8].register_inst  ; work         ;
;       |register:register_loop[9].register_inst|  ; 2 (2)             ; 32 (32)      ; 0           ; 0            ; 0       ; 0         ; 0         ; 0    ; 0            ; |regfile|regfile_Block:mregfile|register:register_loop[9].register_inst  ; work         ;
+--------------------------------------------------+-------------------+--------------+-------------+--------------+---------+-----------+-----------+------+--------------+--------------------------------------------------------------------------+--------------+
Note: For table entries with two numbers listed, the numbers in parentheses indicate the number of resources of the given type used by the specific entity alone. The numbers listed outside of parentheses indicate the total resources of the given type used by the specific entity and all of its sub-entities in the hierarchy.


+-----------------------------------------------------------------------------------------------------------------------------------------------------------+
; Registers Removed During Synthesis                                                                                                                        ;
+-------------------------------------------------------------------------+---------------------------------------------------------------------------------+
; Register name                                                           ; Reason for Removal                                                              ;
+-------------------------------------------------------------------------+---------------------------------------------------------------------------------+
; regfile_Block:mregfile|register:register_loop[0].register_inst|Q[1..31] ; Merged with regfile_Block:mregfile|register:register_loop[0].register_inst|Q[0] ;
; regfile_Block:mregfile|register:register_loop[0].register_inst|Q[0]     ; Stuck at GND due to stuck port data_in                                          ;
; Total Number of Removed Registers = 32                                  ;                                                                                 ;
+-------------------------------------------------------------------------+---------------------------------------------------------------------------------+


+------------------------------------------------------+
; General Register Statistics                          ;
+----------------------------------------------+-------+
; Statistic                                    ; Value ;
+----------------------------------------------+-------+
; Total registers                              ; 992   ;
; Number of registers using Synchronous Clear  ; 0     ;
; Number of registers using Synchronous Load   ; 0     ;
; Number of registers using Asynchronous Clear ; 0     ;
; Number of registers using Asynchronous Load  ; 0     ;
; Number of registers using Clock Enable       ; 992   ;
; Number of registers using Preset             ; 0     ;
+----------------------------------------------+-------+


+----------------------------------------------------------------------------------------------------------------------------------------------------------------------------------------------+
; Multiplexer Restructuring Statistics (Restructuring Performed)                                                                                                                               ;
+--------------------+-----------+---------------+----------------------+------------------------+------------+--------------------------------------------------------------------------------+
; Multiplexer Inputs ; Bus Width ; Baseline Area ; Area if Restructured ; Saving if Restructured ; Registered ; Example Multiplexer Output                                                     ;
+--------------------+-----------+---------------+----------------------+------------------------+------------+--------------------------------------------------------------------------------+
; 3:1                ; 32 bits   ; 64 LEs        ; 32 LEs               ; 32 LEs                 ; Yes        ; |regfile|regfile_Block:mregfile|register:register_loop[31].register_inst|Q[0]  ;
; 3:1                ; 32 bits   ; 64 LEs        ; 32 LEs               ; 32 LEs                 ; Yes        ; |regfile|regfile_Block:mregfile|register:register_loop[30].register_inst|Q[22] ;
; 3:1                ; 32 bits   ; 64 LEs        ; 32 LEs               ; 32 LEs                 ; Yes        ; |regfile|regfile_Block:mregfile|register:register_loop[29].register_inst|Q[5]  ;
; 3:1                ; 32 bits   ; 64 LEs        ; 32 LEs               ; 32 LEs                 ; Yes        ; |regfile|regfile_Block:mregfile|register:register_loop[28].register_inst|Q[11] ;
; 3:1                ; 32 bits   ; 64 LEs        ; 32 LEs               ; 32 LEs                 ; Yes        ; |regfile|regfile_Block:mregfile|register:register_loop[27].register_inst|Q[4]  ;
; 3:1                ; 32 bits   ; 64 LEs        ; 32 LEs               ; 32 LEs                 ; Yes        ; |regfile|regfile_Block:mregfile|register:register_loop[26].register_inst|Q[5]  ;
; 3:1                ; 32 bits   ; 64 LEs        ; 32 LEs               ; 32 LEs                 ; Yes        ; |regfile|regfile_Block:mregfile|register:register_loop[25].register_inst|Q[26] ;
; 3:1                ; 32 bits   ; 64 LEs        ; 32 LEs               ; 32 LEs                 ; Yes        ; |regfile|regfile_Block:mregfile|register:register_loop[24].register_inst|Q[11] ;
; 3:1                ; 32 bits   ; 64 LEs        ; 32 LEs               ; 32 LEs                 ; Yes        ; |regfile|regfile_Block:mregfile|register:register_loop[23].register_inst|Q[30] ;
; 3:1                ; 32 bits   ; 64 LEs        ; 32 LEs               ; 32 LEs                 ; Yes        ; |regfile|regfile_Block:mregfile|register:register_loop[22].register_inst|Q[29] ;
; 3:1                ; 32 bits   ; 64 LEs        ; 32 LEs               ; 32 LEs                 ; Yes        ; |regfile|regfile_Block:mregfile|register:register_loop[21].register_inst|Q[17] ;
; 3:1                ; 32 bits   ; 64 LEs        ; 32 LEs               ; 32 LEs                 ; Yes        ; |regfile|regfile_Block:mregfile|register:register_loop[20].register_inst|Q[15] ;
; 3:1                ; 32 bits   ; 64 LEs        ; 32 LEs               ; 32 LEs                 ; Yes        ; |regfile|regfile_Block:mregfile|register:register_loop[19].register_inst|Q[6]  ;
; 3:1                ; 32 bits   ; 64 LEs        ; 32 LEs               ; 32 LEs                 ; Yes        ; |regfile|regfile_Block:mregfile|register:register_loop[18].register_inst|Q[21] ;
; 3:1                ; 32 bits   ; 64 LEs        ; 32 LEs               ; 32 LEs                 ; Yes        ; |regfile|regfile_Block:mregfile|register:register_loop[17].register_inst|Q[10] ;
; 3:1                ; 32 bits   ; 64 LEs        ; 32 LEs               ; 32 LEs                 ; Yes        ; |regfile|regfile_Block:mregfile|register:register_loop[16].register_inst|Q[5]  ;
; 3:1                ; 32 bits   ; 64 LEs        ; 32 LEs               ; 32 LEs                 ; Yes        ; |regfile|regfile_Block:mregfile|register:register_loop[15].register_inst|Q[1]  ;
; 3:1                ; 32 bits   ; 64 LEs        ; 32 LEs               ; 32 LEs                 ; Yes        ; |regfile|regfile_Block:mregfile|register:register_loop[14].register_inst|Q[0]  ;
; 3:1                ; 32 bits   ; 64 LEs        ; 32 LEs               ; 32 LEs                 ; Yes        ; |regfile|regfile_Block:mregfile|register:register_loop[13].register_inst|Q[22] ;
; 3:1                ; 32 bits   ; 64 LEs        ; 32 LEs               ; 32 LEs                 ; Yes        ; |regfile|regfile_Block:mregfile|register:register_loop[12].register_inst|Q[6]  ;
; 3:1                ; 32 bits   ; 64 LEs        ; 32 LEs               ; 32 LEs                 ; Yes        ; |regfile|regfile_Block:mregfile|register:register_loop[11].register_inst|Q[20] ;
; 3:1                ; 32 bits   ; 64 LEs        ; 32 LEs               ; 32 LEs                 ; Yes        ; |regfile|regfile_Block:mregfile|register:register_loop[10].register_inst|Q[29] ;
; 3:1                ; 32 bits   ; 64 LEs        ; 32 LEs               ; 32 LEs                 ; Yes        ; |regfile|regfile_Block:mregfile|register:register_loop[9].register_inst|Q[16]  ;
; 3:1                ; 32 bits   ; 64 LEs        ; 32 LEs               ; 32 LEs                 ; Yes        ; |regfile|regfile_Block:mregfile|register:register_loop[8].register_inst|Q[16]  ;
; 3:1                ; 32 bits   ; 64 LEs        ; 32 LEs               ; 32 LEs                 ; Yes        ; |regfile|regfile_Block:mregfile|register:register_loop[7].register_inst|Q[22]  ;
; 3:1                ; 32 bits   ; 64 LEs        ; 32 LEs               ; 32 LEs                 ; Yes        ; |regfile|regfile_Block:mregfile|register:register_loop[6].register_inst|Q[21]  ;
; 3:1                ; 32 bits   ; 64 LEs        ; 32 LEs               ; 32 LEs                 ; Yes        ; |regfile|regfile_Block:mregfile|register:register_loop[5].register_inst|Q[31]  ;
; 3:1                ; 32 bits   ; 64 LEs        ; 32 LEs               ; 32 LEs                 ; Yes        ; |regfile|regfile_Block:mregfile|register:register_loop[4].register_inst|Q[4]   ;
; 3:1                ; 32 bits   ; 64 LEs        ; 32 LEs               ; 32 LEs                 ; Yes        ; |regfile|regfile_Block:mregfile|register:register_loop[3].register_inst|Q[4]   ;
; 3:1                ; 32 bits   ; 64 LEs        ; 32 LEs               ; 32 LEs                 ; Yes        ; |regfile|regfile_Block:mregfile|register:register_loop[2].register_inst|Q[15]  ;
; 3:1                ; 32 bits   ; 64 LEs        ; 32 LEs               ; 32 LEs                 ; Yes        ; |regfile|regfile_Block:mregfile|register:register_loop[1].register_inst|Q[16]  ;
; 3:1                ; 15 bits   ; 30 LEs        ; 15 LEs               ; 15 LEs                 ; No         ; |regfile|regfile_Block:mregfile|decoder:decoder5_32|en[17]                     ;
; 3:1                ; 15 bits   ; 30 LEs        ; 15 LEs               ; 15 LEs                 ; No         ; |regfile|regfile_Block:mregfile|decoder:decoder5_32|en[1]                      ;
; 32:1               ; 32 bits   ; 672 LEs       ; 640 LEs              ; 32 LEs                 ; No         ; |regfile|regfile_Block:mregfile|MUX:muxA|Mux9                                  ;
; 32:1               ; 32 bits   ; 672 LEs       ; 640 LEs              ; 32 LEs                 ; No         ; |regfile|regfile_Block:mregfile|MUX:muxB|Mux0                                  ;
+--------------------+-----------+---------------+----------------------+------------------------+------------+--------------------------------------------------------------------------------+


+--------------------------------------------------------------------------------------------+
; Port Connectivity Checks: "regfile_Block:mregfile|register:register_loop[0].register_inst" ;
+------+-------+----------+------------------------------------------------------------------+
; Port ; Type  ; Severity ; Details                                                          ;
+------+-------+----------+------------------------------------------------------------------+
; D    ; Input ; Info     ; Stuck at GND                                                     ;
+------+-------+----------+------------------------------------------------------------------+


+-------------------------------+
; Elapsed Time Per Partition    ;
+----------------+--------------+
; Partition Name ; Elapsed Time ;
+----------------+--------------+
; Top            ; 00:00:03     ;
+----------------+--------------+


+-------------------------------+
; Analysis & Synthesis Messages ;
+-------------------------------+
Info: *******************************************************************
Info: Running Quartus II 64-Bit Analysis & Synthesis
    Info: Version 13.1.0 Build 162 10/23/2013 SJ Web Edition
    Info: Processing started: Thu May 30 19:44:21 2024
Info: Command: quartus_map --read_settings_files=on --write_settings_files=off regfile -c regfile
Info (20030): Parallel compilation is enabled and will use 8 of the 8 processors detected
Warning (12090): Entity "MUX" obtained from "regfile.sv" instead of from Quartus II megafunction library
Info (12021): Found 6 design units, including 6 entities, in source file regfile.sv
    Info (12023): Found entity 1: decoder
    Info (12023): Found entity 2: MUX
    Info (12023): Found entity 3: register
    Info (12023): Found entity 4: MUX2
    Info (12023): Found entity 5: regfile_Block
    Info (12023): Found entity 6: regfile
Info (12021): Found 1 design units, including 1 entities, in source file regfile_tb.sv
    Info (12023): Found entity 1: regfile_tb
Info (12127): Elaborating entity "regfile" for the top level hierarchy
Info (12128): Elaborating entity "regfile_Block" for hierarchy "regfile_Block:mregfile"
Info (12128): Elaborating entity "MUX2" for hierarchy "regfile_Block:mregfile|MUX2:rdaddr_en"
Info (12128): Elaborating entity "decoder" for hierarchy "regfile_Block:mregfile|decoder:decoder5_32"
Info (12128): Elaborating entity "register" for hierarchy "regfile_Block:mregfile|register:register_loop[0].register_inst"
Info (12128): Elaborating entity "MUX" for hierarchy "regfile_Block:mregfile|MUX:muxA"
Info (286030): Timing-Driven Synthesis is running
Info (16010): Generating hard_block partition "hard_block:auto_generated_inst"
    Info (16011): Adding 0 node(s), including 0 DDIO, 0 PLL, 0 transceiver and 0 LCELL
Info (21057): Implemented 2486 device resources after synthesis - the final resource count might be different
    Info (21058): Implemented 50 input pins
    Info (21059): Implemented 64 output pins
    Info (21061): Implemented 2372 logic cells
Info: Quartus II 64-Bit Analysis & Synthesis was successful. 0 errors, 1 warning
    Info: Peak virtual memory: 4732 megabytes
    Info: Processing ended: Thu May 30 19:44:27 2024
    Info: Elapsed time: 00:00:06
    Info: Total CPU time (on all processors): 00:00:04


