Analysis & Synthesis report for imemfetch
Thu May 30 18:11:27 2024
Quartus II 64-Bit Version 13.1.0 Build 162 10/23/2013 SJ Web Edition


---------------------
; Table of Contents ;
---------------------
  1. Legal Notice
  2. Analysis & Synthesis Summary
  3. Analysis & Synthesis Settings
  4. Parallel Compilation
  5. Analysis & Synthesis Source Files Read
  6. Analysis & Synthesis Resource Usage Summary
  7. Analysis & Synthesis Resource Utilization by Entity
  8. General Register Statistics
  9. Multiplexer Restructuring Statistics (Restructuring Performed)
 10. Elapsed Time Per Partition
 11. Analysis & Synthesis Messages



----------------
; Legal Notice ;
----------------
Copyright (C) 1991-2013 Altera Corporation
Your use of Altera Corporation's design tools, logic functions 
and other software and tools, and its AMPP partner logic 
functions, and any output files from any of the foregoing 
(including device programming or simulation files), and any 
associated documentation or information are expressly subject 
to the terms and conditions of the Altera Program License 
Subscription Agreement, Altera MegaCore Function License 
Agreement, or other applicable license agreement, including, 
without limitation, that your use is for the sole purpose of 
programming logic devices manufactured by Altera and sold by 
Altera or its authorized distributors.  Please refer to the 
applicable agreement for further details.



+---------------------------------------------------------------------------------+
; Analysis & Synthesis Summary                                                    ;
+------------------------------------+--------------------------------------------+
; Analysis & Synthesis Status        ; Successful - Thu May 30 18:11:27 2024      ;
; Quartus II 64-Bit Version          ; 13.1.0 Build 162 10/23/2013 SJ Web Edition ;
; Revision Name                      ; imemfetch                                  ;
; Top-level Entity Name              ; imemfetch                                  ;
; Family                             ; Cyclone IV GX                              ;
; Total logic elements               ; 46                                         ;
;     Total combinational functions  ; 46                                         ;
;     Dedicated logic registers      ; 0                                          ;
; Total registers                    ; 0                                          ;
; Total pins                         ; 76                                         ;
; Total virtual pins                 ; 0                                          ;
; Total memory bits                  ; 0                                          ;
; Embedded Multiplier 9-bit elements ; 0                                          ;
; Total GXB Receiver Channel PCS     ; 0                                          ;
; Total GXB Receiver Channel PMA     ; 0                                          ;
; Total GXB Transmitter Channel PCS  ; 0                                          ;
; Total GXB Transmitter Channel PMA  ; 0                                          ;
; Total PLLs                         ; 0                                          ;
+------------------------------------+--------------------------------------------+


+----------------------------------------------------------------------------------------------------------------------+
; Analysis & Synthesis Settings                                                                                        ;
+----------------------------------------------------------------------------+--------------------+--------------------+
; Option                                                                     ; Setting            ; Default Value      ;
+----------------------------------------------------------------------------+--------------------+--------------------+
; Top-level entity name                                                      ; imemfetch          ; imemfetch          ;
; Family name                                                                ; Cyclone IV GX      ; Cyclone IV GX      ;
; Use smart compilation                                                      ; Off                ; Off                ;
; Enable parallel Assembler and TimeQuest Timing Analyzer during compilation ; On                 ; On                 ;
; Enable compact report table                                                ; Off                ; Off                ;
; Restructure Multiplexers                                                   ; Auto               ; Auto               ;
; Create Debugging Nodes for IP Cores                                        ; Off                ; Off                ;
; Preserve fewer node names                                                  ; On                 ; On                 ;
; Disable OpenCore Plus hardware evaluation                                  ; Off                ; Off                ;
; Verilog Version                                                            ; Verilog_2001       ; Verilog_2001       ;
; VHDL Version                                                               ; VHDL_1993          ; VHDL_1993          ;
; State Machine Processing                                                   ; Auto               ; Auto               ;
; Safe State Machine                                                         ; Off                ; Off                ;
; Extract Verilog State Machines                                             ; On                 ; On                 ;
; Extract VHDL State Machines                                                ; On                 ; On                 ;
; Ignore Verilog initial constructs                                          ; Off                ; Off                ;
; Iteration limit for constant Verilog loops                                 ; 5000               ; 5000               ;
; Iteration limit for non-constant Verilog loops                             ; 250                ; 250                ;
; Add Pass-Through Logic to Inferred RAMs                                    ; On                 ; On                 ;
; Infer RAMs from Raw Logic                                                  ; On                 ; On                 ;
; Parallel Synthesis                                                         ; On                 ; On                 ;
; DSP Block Balancing                                                        ; Auto               ; Auto               ;
; NOT Gate Push-Back                                                         ; On                 ; On                 ;
; Power-Up Don't Care                                                        ; On                 ; On                 ;
; Remove Redundant Logic Cells                                               ; Off                ; Off                ;
; Remove Duplicate Registers                                                 ; On                 ; On                 ;
; Ignore CARRY Buffers                                                       ; Off                ; Off                ;
; Ignore CASCADE Buffers                                                     ; Off                ; Off                ;
; Ignore GLOBAL Buffers                                                      ; Off                ; Off                ;
; Ignore ROW GLOBAL Buffers                                                  ; Off                ; Off                ;
; Ignore LCELL Buffers                                                       ; Off                ; Off                ;
; Ignore SOFT Buffers                                                        ; On                 ; On                 ;
; Limit AHDL Integers to 32 Bits                                             ; Off                ; Off                ;
; Optimization Technique                                                     ; Balanced           ; Balanced           ;
; Carry Chain Length                                                         ; 70                 ; 70                 ;
; Auto Carry Chains                                                          ; On                 ; On                 ;
; Auto Open-Drain Pins                                                       ; On                 ; On                 ;
; Perform WYSIWYG Primitive Resynthesis                                      ; Off                ; Off                ;
; Auto ROM Replacement                                                       ; On                 ; On                 ;
; Auto RAM Replacement                                                       ; On                 ; On                 ;
; Auto DSP Block Replacement                                                 ; On                 ; On                 ;
; Auto Shift Register Replacement                                            ; Auto               ; Auto               ;
; Allow Shift Register Merging across Hierarchies                            ; Auto               ; Auto               ;
; Auto Clock Enable Replacement                                              ; On                 ; On                 ;
; Strict RAM Replacement                                                     ; Off                ; Off                ;
; Allow Synchronous Control Signals                                          ; On                 ; On                 ;
; Force Use of Synchronous Clear Signals                                     ; Off                ; Off                ;
; Auto RAM Block Balancing                                                   ; On                 ; On                 ;
; Auto RAM to Logic Cell Conversion                                          ; Off                ; Off                ;
; Auto Resource Sharing                                                      ; Off                ; Off                ;
; Allow Any RAM Size For Recognition                                         ; Off                ; Off                ;
; Allow Any ROM Size For Recognition                                         ; Off                ; Off                ;
; Allow Any Shift Register Size For Recognition                              ; Off                ; Off                ;
; Use LogicLock Constraints during Resource Balancing                        ; On                 ; On                 ;
; Ignore translate_off and synthesis_off directives                          ; Off                ; Off                ;
; Timing-Driven Synthesis                                                    ; On                 ; On                 ;
; Report Parameter Settings                                                  ; On                 ; On                 ;
; Report Source Assignments                                                  ; On                 ; On                 ;
; Report Connectivity Checks                                                 ; On                 ; On                 ;
; Ignore Maximum Fan-Out Assignments                                         ; Off                ; Off                ;
; Synchronization Register Chain Length                                      ; 2                  ; 2                  ;
; PowerPlay Power Optimization                                               ; Normal compilation ; Normal compilation ;
; HDL message level                                                          ; Level2             ; Level2             ;
; Suppress Register Optimization Related Messages                            ; Off                ; Off                ;
; Number of Removed Registers Reported in Synthesis Report                   ; 5000               ; 5000               ;
; Number of Swept Nodes Reported in Synthesis Report                         ; 5000               ; 5000               ;
; Number of Inverted Registers Reported in Synthesis Report                  ; 100                ; 100                ;
; Clock MUX Protection                                                       ; On                 ; On                 ;
; Auto Gated Clock Conversion                                                ; Off                ; Off                ;
; Block Design Naming                                                        ; Auto               ; Auto               ;
; SDC constraint protection                                                  ; Off                ; Off                ;
; Synthesis Effort                                                           ; Auto               ; Auto               ;
; Shift Register Replacement - Allow Asynchronous Clear Signal               ; On                 ; On                 ;
; Pre-Mapping Resynthesis Optimization                                       ; Off                ; Off                ;
; Analysis & Synthesis Message Level                                         ; Medium             ; Medium             ;
; Disable Register Merging Across Hierarchies                                ; Auto               ; Auto               ;
; Resource Aware Inference For Block RAM                                     ; On                 ; On                 ;
; Synthesis Seed                                                             ; 1                  ; 1                  ;
+----------------------------------------------------------------------------+--------------------+--------------------+


+------------------------------------------+
; Parallel Compilation                     ;
+----------------------------+-------------+
; Processors                 ; Number      ;
+----------------------------+-------------+
; Number detected on machine ; 8           ;
; Maximum allowed            ; 8           ;
;                            ;             ;
; Average used               ; 1.00        ;
; Maximum used               ; 1           ;
;                            ;             ;
; Usage by Processor         ; % Time Used ;
;     Processor 1            ; 100.0%      ;
;     Processors 2-8         ;   0.0%      ;
+----------------------------+-------------+


+--------------------------------------------------------------------------------------------------------------------------------------+
; Analysis & Synthesis Source Files Read                                                                                               ;
+----------------------------------+-----------------+------------------------------+----------------------------------------+---------+
; File Name with User-Entered Path ; Used in Netlist ; File Type                    ; File Name with Absolute Path           ; Library ;
+----------------------------------+-----------------+------------------------------+----------------------------------------+---------+
; imemfetch.sv                     ; yes             ; User SystemVerilog HDL File  ; D:/Quartus file/Doan/imem/imemfetch.sv ;         ;
+----------------------------------+-----------------+------------------------------+----------------------------------------+---------+


+---------------------------------------------+
; Analysis & Synthesis Resource Usage Summary ;
+--------------------------+------------------+
; Resource                 ; Usage            ;
+--------------------------+------------------+
; I/O pins                 ; 76               ;
; DSP block 9-bit elements ; 0                ;
; Maximum fan-out node     ; addr[2]~input    ;
; Maximum fan-out          ; 17               ;
; Total fan-out            ; 257              ;
; Average fan-out          ; 1.30             ;
+--------------------------+------------------+


+------------------------------------------------------------------------------------------------------------------------------------------------------------------------------------------------------------------+
; Analysis & Synthesis Resource Utilization by Entity                                                                                                                                                              ;
+----------------------------------+-------------------+--------------+-------------+--------------+---------+-----------+-----------+------+--------------+----------------------------------------+--------------+
; Compilation Hierarchy Node       ; LC Combinationals ; LC Registers ; Memory Bits ; DSP Elements ; DSP 9x9 ; DSP 18x18 ; DSP 36x36 ; Pins ; Virtual Pins ; Full Hierarchy Name                    ; Library Name ;
+----------------------------------+-------------------+--------------+-------------+--------------+---------+-----------+-----------+------+--------------+----------------------------------------+--------------+
; |imemfetch                       ; 46 (0)            ; 0 (0)        ; 0           ; 0            ; 0       ; 0         ; 0         ; 76   ; 0            ; |imemfetch                             ; work         ;
;    |imem:imem_block|             ; 19 (19)           ; 0 (0)        ; 0           ; 0            ; 0       ; 0         ; 0         ; 0    ; 0            ; |imemfetch|imem:imem_block             ; work         ;
;    |imemfetch_block:fetch_block| ; 27 (27)           ; 0 (0)        ; 0           ; 0            ; 0       ; 0         ; 0         ; 0    ; 0            ; |imemfetch|imemfetch_block:fetch_block ; work         ;
+----------------------------------+-------------------+--------------+-------------+--------------+---------+-----------+-----------+------+--------------+----------------------------------------+--------------+
Note: For table entries with two numbers listed, the numbers in parentheses indicate the number of resources of the given type used by the specific entity alone. The numbers listed outside of parentheses indicate the total resources of the given type used by the specific entity and all of its sub-entities in the hierarchy.


+------------------------------------------------------+
; General Register Statistics                          ;
+----------------------------------------------+-------+
; Statistic                                    ; Value ;
+----------------------------------------------+-------+
; Total registers                              ; 0     ;
; Number of registers using Synchronous Clear  ; 0     ;
; Number of registers using Synchronous Load   ; 0     ;
; Number of registers using Asynchronous Clear ; 0     ;
; Number of registers using Asynchronous Load  ; 0     ;
; Number of registers using Clock Enable       ; 0     ;
; Number of registers using Preset             ; 0     ;
+----------------------------------------------+-------+


+----------------------------------------------------------------------------------------------------------------------------------------------------------------+
; Multiplexer Restructuring Statistics (Restructuring Performed)                                                                                                 ;
+--------------------+-----------+---------------+----------------------+------------------------+------------+--------------------------------------------------+
; Multiplexer Inputs ; Bus Width ; Baseline Area ; Area if Restructured ; Saving if Restructured ; Registered ; Example Multiplexer Output                       ;
+--------------------+-----------+---------------+----------------------+------------------------+------------+--------------------------------------------------+
; 16:1               ; 2 bits    ; 20 LEs        ; 4 LEs                ; 16 LEs                 ; No         ; |imemfetch|imemfetch_block:fetch_block|Selector4 ;
+--------------------+-----------+---------------+----------------------+------------------------+------------+--------------------------------------------------+


+-------------------------------+
; Elapsed Time Per Partition    ;
+----------------+--------------+
; Partition Name ; Elapsed Time ;
+----------------+--------------+
; Top            ; 00:00:00     ;
+----------------+--------------+


+-------------------------------+
; Analysis & Synthesis Messages ;
+-------------------------------+
Info: *******************************************************************
Info: Running Quartus II 64-Bit Analysis & Synthesis
    Info: Version 13.1.0 Build 162 10/23/2013 SJ Web Edition
    Info: Processing started: Thu May 30 18:11:24 2024
Info: Command: quartus_map --read_settings_files=on --write_settings_files=off imemfetch -c imemfetch
Info (20030): Parallel compilation is enabled and will use 8 of the 8 processors detected
Info (12021): Found 3 design units, including 3 entities, in source file imemfetch.sv
    Info (12023): Found entity 1: imem
    Info (12023): Found entity 2: imemfetch_block
    Info (12023): Found entity 3: imemfetch
Info (12021): Found 1 design units, including 1 entities, in source file imemfetch_tb.sv
    Info (12023): Found entity 1: imemfetch_tb
Info (12127): Elaborating entity "imemfetch" for the top level hierarchy
Info (12128): Elaborating entity "imem" for hierarchy "imem:imem_block"
Warning (10030): Net "memory.data_a" at imemfetch.sv(7) has no driver or initial value, using a default initial value '0'
Warning (10030): Net "memory.waddr_a" at imemfetch.sv(7) has no driver or initial value, using a default initial value '0'
Warning (10030): Net "memory.we_a" at imemfetch.sv(7) has no driver or initial value, using a default initial value '0'
Info (12128): Elaborating entity "imemfetch_block" for hierarchy "imemfetch_block:fetch_block"
Warning (10230): Verilog HDL assignment warning at imemfetch.sv(72): truncated value with size 13 to match size of target (12)
Info (276014): Found 1 instances of uninferred RAM logic
    Info (276007): RAM logic "imem:imem_block|memory" is uninferred due to asynchronous read logic
Warning (127007): Memory Initialization File or Hexadecimal (Intel-Format) File "D:/Quartus file/Doan/imem/db/imemfetch.ram0_imem_37c714.hdl.mif" contains "don't care" values -- overwriting them with 0s
Warning (13024): Output pins are stuck at VCC or GND
    Warning (13410): Pin "opcode[2]" is stuck at GND
    Warning (13410): Pin "opcode[3]" is stuck at GND
    Warning (13410): Pin "rd[3]" is stuck at GND
    Warning (13410): Pin "rd[4]" is stuck at GND
    Warning (13410): Pin "funct3[0]" is stuck at GND
    Warning (13410): Pin "funct3[2]" is stuck at GND
    Warning (13410): Pin "rs1[2]" is stuck at GND
    Warning (13410): Pin "rs1[3]" is stuck at GND
    Warning (13410): Pin "rs1[4]" is stuck at GND
    Warning (13410): Pin "rs2[3]" is stuck at GND
    Warning (13410): Pin "rs2[4]" is stuck at GND
    Warning (13410): Pin "funct7[2]" is stuck at GND
    Warning (13410): Pin "funct7[3]" is stuck at GND
    Warning (13410): Pin "funct7[4]" is stuck at GND
    Warning (13410): Pin "funct7[6]" is stuck at GND
    Warning (13410): Pin "imm[4]" is stuck at GND
    Warning (13410): Pin "imm[7]" is stuck at GND
    Warning (13410): Pin "imm[8]" is stuck at GND
    Warning (13410): Pin "imm[9]" is stuck at GND
Info (286030): Timing-Driven Synthesis is running
Info (16010): Generating hard_block partition "hard_block:auto_generated_inst"
    Info (16011): Adding 0 node(s), including 0 DDIO, 0 PLL, 0 transceiver and 0 LCELL
Warning (21074): Design contains 24 input pin(s) that do not drive logic
    Warning (15610): No output dependent on input pin "addr[0]"
    Warning (15610): No output dependent on input pin "addr[1]"
    Warning (15610): No output dependent on input pin "addr[10]"
    Warning (15610): No output dependent on input pin "addr[11]"
    Warning (15610): No output dependent on input pin "addr[12]"
    Warning (15610): No output dependent on input pin "addr[13]"
    Warning (15610): No output dependent on input pin "addr[14]"
    Warning (15610): No output dependent on input pin "addr[15]"
    Warning (15610): No output dependent on input pin "addr[16]"
    Warning (15610): No output dependent on input pin "addr[17]"
    Warning (15610): No output dependent on input pin "addr[18]"
    Warning (15610): No output dependent on input pin "addr[19]"
    Warning (15610): No output dependent on input pin "addr[20]"
    Warning (15610): No output dependent on input pin "addr[21]"
    Warning (15610): No output dependent on input pin "addr[22]"
    Warning (15610): No output dependent on input pin "addr[23]"
    Warning (15610): No output dependent on input pin "addr[24]"
    Warning (15610): No output dependent on input pin "addr[25]"
    Warning (15610): No output dependent on input pin "addr[26]"
    Warning (15610): No output dependent on input pin "addr[27]"
    Warning (15610): No output dependent on input pin "addr[28]"
    Warning (15610): No output dependent on input pin "addr[29]"
    Warning (15610): No output dependent on input pin "addr[30]"
    Warning (15610): No output dependent on input pin "addr[31]"
Info (21057): Implemented 122 device resources after synthesis - the final resource count might be different
    Info (21058): Implemented 32 input pins
    Info (21059): Implemented 44 output pins
    Info (21061): Implemented 46 logic cells
Info: Quartus II 64-Bit Analysis & Synthesis was successful. 0 errors, 50 warnings
    Info: Peak virtual memory: 4717 megabytes
    Info: Processing ended: Thu May 30 18:11:27 2024
    Info: Elapsed time: 00:00:03
    Info: Total CPU time (on all processors): 00:00:01


